

Processing ApplicationController#index (for 70.157.84.128 at 2009-06-20 21:21:25) [GET]

ActionController::RoutingError (No route matches "/rails/info/properties" with {:method=>:get}):
  passenger (2.2.2) lib/phusion_passenger/rack/request_handler.rb:81:in `process_request'
  passenger (2.2.2) lib/phusion_passenger/abstract_request_handler.rb:203:in `main_loop'
  passenger (2.2.2) lib/phusion_passenger/railz/application_spawner.rb:340:in `start_request_handler'
  passenger (2.2.2) lib/phusion_passenger/railz/application_spawner.rb:298:in `handle_spawn_application'
  passenger (2.2.2) lib/phusion_passenger/utils.rb:181:in `safe_fork'
  passenger (2.2.2) lib/phusion_passenger/railz/application_spawner.rb:296:in `handle_spawn_application'
  passenger (2.2.2) lib/phusion_passenger/abstract_server.rb:337:in `__send__'
  passenger (2.2.2) lib/phusion_passenger/abstract_server.rb:337:in `main_loop'
  passenger (2.2.2) lib/phusion_passenger/abstract_server.rb:187:in `start_synchronously'
  passenger (2.2.2) lib/phusion_passenger/abstract_server.rb:154:in `start'
  passenger (2.2.2) lib/phusion_passenger/railz/application_spawner.rb:192:in `start'
  passenger (2.2.2) lib/phusion_passenger/spawn_manager.rb:257:in `spawn_rails_application'
  passenger (2.2.2) lib/phusion_passenger/abstract_server_collection.rb:126:in `lookup_or_add'
  passenger (2.2.2) lib/phusion_passenger/spawn_manager.rb:251:in `spawn_rails_application'
  passenger (2.2.2) lib/phusion_passenger/abstract_server_collection.rb:80:in `synchronize'
  passenger (2.2.2) lib/phusion_passenger/abstract_server_collection.rb:79:in `synchronize'
  passenger (2.2.2) lib/phusion_passenger/spawn_manager.rb:250:in `spawn_rails_application'
  passenger (2.2.2) lib/phusion_passenger/spawn_manager.rb:153:in `spawn_application'
  passenger (2.2.2) lib/phusion_passenger/spawn_manager.rb:282:in `handle_spawn_application'
  passenger (2.2.2) lib/phusion_passenger/abstract_server.rb:337:in `__send__'
  passenger (2.2.2) lib/phusion_passenger/abstract_server.rb:337:in `main_loop'
  passenger (2.2.2) lib/phusion_passenger/abstract_server.rb:187:in `start_synchronously'

Rendering /mnt/development/htdocs/media/public/404.html (404 Not Found)


Processing UsersController#index (for 75.183.2.42 at 2009-06-22 00:02:14) [GET]

ActiveRecord::StatementInvalid (Mysql::Error: Table 'mediamanager.users' doesn't exist: SELECT * FROM `users` ):
  app/controllers/users_controller.rb:5:in `index'
  passenger (2.2.2) lib/phusion_passenger/rack/request_handler.rb:81:in `process_request'
  passenger (2.2.2) lib/phusion_passenger/abstract_request_handler.rb:203:in `main_loop'
  passenger (2.2.2) lib/phusion_passenger/railz/application_spawner.rb:340:in `start_request_handler'
  passenger (2.2.2) lib/phusion_passenger/railz/application_spawner.rb:298:in `handle_spawn_application'
  passenger (2.2.2) lib/phusion_passenger/utils.rb:181:in `safe_fork'
  passenger (2.2.2) lib/phusion_passenger/railz/application_spawner.rb:296:in `handle_spawn_application'
  passenger (2.2.2) lib/phusion_passenger/abstract_server.rb:337:in `__send__'
  passenger (2.2.2) lib/phusion_passenger/abstract_server.rb:337:in `main_loop'
  passenger (2.2.2) lib/phusion_passenger/abstract_server.rb:187:in `start_synchronously'
  passenger (2.2.2) lib/phusion_passenger/abstract_server.rb:154:in `start'
  passenger (2.2.2) lib/phusion_passenger/railz/application_spawner.rb:192:in `start'
  passenger (2.2.2) lib/phusion_passenger/spawn_manager.rb:257:in `spawn_rails_application'
  passenger (2.2.2) lib/phusion_passenger/abstract_server_collection.rb:126:in `lookup_or_add'
  passenger (2.2.2) lib/phusion_passenger/spawn_manager.rb:251:in `spawn_rails_application'
  passenger (2.2.2) lib/phusion_passenger/abstract_server_collection.rb:80:in `synchronize'
  passenger (2.2.2) lib/phusion_passenger/abstract_server_collection.rb:79:in `synchronize'
  passenger (2.2.2) lib/phusion_passenger/spawn_manager.rb:250:in `spawn_rails_application'
  passenger (2.2.2) lib/phusion_passenger/spawn_manager.rb:153:in `spawn_application'
  passenger (2.2.2) lib/phusion_passenger/spawn_manager.rb:282:in `handle_spawn_application'
  passenger (2.2.2) lib/phusion_passenger/abstract_server.rb:337:in `__send__'
  passenger (2.2.2) lib/phusion_passenger/abstract_server.rb:337:in `main_loop'
  passenger (2.2.2) lib/phusion_passenger/abstract_server.rb:187:in `start_synchronously'



Processing ApplicationController#index (for 75.183.2.42 at 2009-06-25 10:56:43) [GET]
Rendering template within layouts/application
Completed in 88ms (View: 81, DB: 1) | 200 OK [http://media.rbe.homeip.net/]


Processing ApplicationController#index (for 75.183.2.42 at 2009-06-25 10:56:44) [GET]
Rendering template within layouts/application
Completed in 14ms (View: 13, DB: 0) | 200 OK [http://media.rbe.homeip.net/]


Processing ApplicationController#index (for 75.183.2.42 at 2009-06-25 10:56:50) [GET]
Rendering template within layouts/application
Completed in 13ms (View: 12, DB: 0) | 200 OK [http://media-dev.rbe.homeip.net/]


Processing ApplicationController#index (for 75.183.2.42 at 2009-06-25 10:56:51) [GET]
Rendering template within layouts/application
Completed in 18ms (View: 17, DB: 0) | 200 OK [http://media-dev.rbe.homeip.net/]


Processing ApplicationController#index (for 75.183.2.42 at 2009-06-25 10:58:33) [GET]
Rendering template within layouts/application
Completed in 12ms (View: 11, DB: 0) | 200 OK [http://media-dev.rbe.homeip.net/]


Processing ApplicationController#index (for 75.183.2.42 at 2009-06-25 11:34:27) [GET]
Rendering template within layouts/application
Completed in 67ms (View: 59, DB: 1) | 200 OK [http://media-dev.rbe.homeip.net/]


Processing ApplicationController#index (for 75.183.2.42 at 2009-06-25 11:34:28) [GET]
Rendering template within layouts/application
Completed in 15ms (View: 15, DB: 0) | 200 OK [http://media-dev.rbe.homeip.net/]


Processing ApplicationController#index (for 75.183.2.42 at 2009-06-25 11:38:18) [GET]
Rendering template within layouts/application
Completed in 14ms (View: 13, DB: 0) | 200 OK [http://media-dev.rbe.homeip.net/]


Processing ApplicationController#index (for 75.183.2.42 at 2009-06-25 11:38:19) [GET]
Rendering template within layouts/application
Completed in 14ms (View: 13, DB: 0) | 200 OK [http://media-dev.rbe.homeip.net/]


Processing ApplicationController#index (for 75.183.2.42 at 2009-06-25 11:39:24) [GET]
Rendering template within layouts/application
Completed in 42ms (View: 40, DB: 0) | 200 OK [http://media-dev.rbe.homeip.net/]


Processing ApplicationController#index (for 75.183.2.42 at 2009-06-25 11:39:25) [GET]
Rendering template within layouts/application
Completed in 12ms (View: 11, DB: 0) | 200 OK [http://media-dev.rbe.homeip.net/]


Processing ApplicationController#index (for 75.183.2.42 at 2009-06-25 11:40:16) [GET]
Rendering template within layouts/application
Completed in 12ms (View: 11, DB: 0) | 200 OK [http://media-dev.rbe.homeip.net/]


Processing ApplicationController#index (for 75.183.2.42 at 2009-06-25 11:40:18) [GET]
Rendering template within layouts/application
Completed in 55ms (View: 41, DB: 0) | 200 OK [http://media-dev.rbe.homeip.net/]
